 INFO | 2022-07-13 11:49:46,083 | Common.java | 79 | null:  Startup activites...
 INFO | 2022-07-13 11:49:46,091 | Common.java | 79 | null:  Test Output Directory creation successful :C:\Users\jassingh\OneDrive - Plan International Canada\Desktop\PlanCanada_V.1\PlanCanada_V.1\TestResults\2022_07_13_11_49_45_AM
 INFO | 2022-07-13 11:49:46,091 | Common.java | 79 | null:  Log File creation successful : LogFile.log
 INFO | 2022-07-13 11:49:46,437 | Common.java | 79 | null:  Getting value of Tc_Settings_Excelpath from Test Configuration file : ./src/test/resources/TestCaseSettings.xls
 INFO | 2022-07-13 11:49:46,717 | Common.java | 79 | null:  Getting value of TestDataFile from Test Configuration file : .\src\test\resources\TestData.xls
 INFO | 2022-07-13 11:49:46,940 | Common.java | 79 | GOH_Single_Product_Mail_Card:  Getting value of ElementLoadWaitTime from Test Configuration file : 120
 INFO | 2022-07-13 11:49:46,941 | Common.java | 79 | GOH_Single_Product_Mail_Card:  Getting value of TextLoadWaitTime from Test Configuration file : 10
 INFO | 2022-07-13 11:49:46,943 | Common.java | 79 | GOH_Single_Product_Mail_Card:  Getting value of PageLoadWaitTime from Test Configuration file : 180
 INFO | 2022-07-13 11:49:46,944 | Common.java | 79 | GOH_Single_Product_Mail_Card:  Getting value of ImplicitlyWaitTime from Test Configuration file : 30
 INFO | 2022-07-13 11:49:46,945 | Common.java | 79 | GOH_Single_Product_Mail_Card:  Getting value of Server_url from Test Configuration file : http://192.168.80.247/testlink/lib/api/xmlrpc/v1/xmlrpc.php
 INFO | 2022-07-13 11:49:46,948 | Common.java | 79 | GOH_Single_Product_Mail_Card:  Getting value of Dev_key from Test Configuration file : f8f80ad8ea180f0783bc74555cf948f0
 INFO | 2022-07-13 11:49:46,950 | Common.java | 79 | GOH_Single_Product_Mail_Card:  Getting value of Project_Name from Test Configuration file : Sample
 INFO | 2022-07-13 11:49:46,952 | Common.java | 79 | GOH_Single_Product_Mail_Card:  Getting value of Plan_Name from Test Configuration file : Testplan
 INFO | 2022-07-13 11:49:46,955 | Common.java | 79 | GOH_Single_Product_Mail_Card:  Getting value of Build_Name from Test Configuration file : Build
 INFO | 2022-07-13 11:49:46,956 | Common.java | 79 | GOH_Single_Product_Mail_Card:  Getting value of TestSuiteNum from Test Configuration file : 4
 INFO | 2022-07-13 11:49:46,957 | Common.java | 79 | GOH_Single_Product_Mail_Card:  Element time out set
 INFO | 2022-07-13 11:49:46,958 | Common.java | 79 | GOH_Single_Product_Mail_Card:  ##### Start of Test Case : GOH Single Product Mail Card #####
 INFO | 2022-07-13 11:49:46,960 | Common.java | 79 | GOH_Single_Product_Mail_Card:  Test Case Name: GOH_Single_Product_Mail_Card
 INFO | 2022-07-13 11:49:46,961 | Common.java | 79 | GOH_Single_Product_Mail_Card:  Getting value of TestDataFile from Test Configuration file : .\src\test\resources\TestData.xls
 INFO | 2022-07-13 11:49:47,116 | Common.java | 79 | GOH_Single_Product_Mail_Card:  Test Data Set Name: GOH_Single_Product_Mail_Card
 INFO | 2022-07-13 11:49:47,117 | Common.java | 79 | GOH_Single_Product_Mail_Card:  Execution Flag: Execute
 INFO | 2022-07-13 11:49:47,117 | Common.java | 79 | GOH_Single_Product_Mail_Card:  Test Data Set Name: GOH_Single_Product_Mail_Card_01
 INFO | 2022-07-13 11:49:47,117 | Common.java | 79 | GOH_Single_Product_Mail_Card:  Execution Flag: YES
 INFO | 2022-07-13 11:49:47,118 | Common.java | 79 | GOH_Single_Product_Mail_Card:  Test Data Set Name: GOH_Single_Product_Mail_Card_02
 INFO | 2022-07-13 11:49:47,118 | Common.java | 79 | GOH_Single_Product_Mail_Card:  Execution Flag: NO
 INFO | 2022-07-13 11:49:47,118 | Common.java | 79 | GOH_Single_Product_Mail_Card:  Test Data Set Name: 
 INFO | 2022-07-13 11:49:47,119 | Common.java | 79 | GOH_Single_Product_Mail_Card:  Execution Flag: 
 INFO | 2022-07-13 11:49:47,135 | Common.java | 79 | GOH_Single_Product_Mail_Card:  Getting value of Browser from Test Configuration file : Firefox
 INFO | 2022-07-13 11:49:54,940 | Common.java | 79 | GOH_Single_Product_Mail_Card:  Getting value of url from Test Configuration file : https://plancanada.net/
 INFO | 2022-07-13 11:49:54,942 | Common.java | 79 | GOH_Single_Product_Mail_Card:  Getting value of Browser from Test Configuration file : Firefox
 INFO | 2022-07-13 11:49:54,944 | Common.java | 79 | GOH_Single_Product_Mail_Card:  Getting value of url from Test Configuration file : https://plancanada.net/
 INFO | 2022-07-13 11:50:08,577 | Common.java | 79 | GOH_Single_Product_Mail_Card:  Opened Application Successfully and Maximize The Browser
 INFO | 2022-07-13 11:50:08,578 | Common.java | 75 | GOH_Single_Product_Mail_Card:  Report step generation success : Opened Application Successfully and Maximize The Browser
 INFO | 2022-07-13 11:50:16,626 | Common.java | 79 | GOH_Single_Product_Mail_Card:  Clicked on WebElement-Shop Gifts of Hope
 INFO | 2022-07-13 11:50:16,627 | Common.java | 75 | GOH_Single_Product_Mail_Card:  Report step generation success : Clicked on WebElement-Shop Gifts of Hope
 INFO | 2022-07-13 11:50:26,970 | Common.java | 79 | GOH_Single_Product_Mail_Card:  Clicked on Pagination WebElement-1
 INFO | 2022-07-13 11:50:26,972 | Common.java | 75 | GOH_Single_Product_Mail_Card:  Report step generation success : Clicked on Pagination WebElement-1
 INFO | 2022-07-13 11:50:30,483 | Common.java | 79 | GOH_Single_Product_Mail_Card:  Clicked on Product WebElement-Mosquito net
 INFO | 2022-07-13 11:50:30,485 | Common.java | 75 | GOH_Single_Product_Mail_Card:  Report step generation success : Clicked on Product WebElement-Mosquito net
 INFO | 2022-07-13 11:50:38,577 | Common.java | 79 | GOH_Single_Product_Mail_Card:  Clicked on WebElement-Shop Cart
 INFO | 2022-07-13 11:50:38,578 | Common.java | 75 | GOH_Single_Product_Mail_Card:  Report step generation success : Clicked on WebElement-Shop Cart
ERROR | 2022-07-13 11:50:45,820 | Common.java | 87 | GOH_Single_Product_Mail_Card:  Unable to click on Element Summary, Element with following property is not displayed->Proxy element for: DefaultElementLocator 'By.xpath: //input[@id='GreetingCard']'
ERROR | 2022-07-13 11:50:45,821 | Common.java | 87 | GOH_Single_Product_Mail_Card:  Report step generation success : Unable to click on Element Summary, Element with following property is not displayed->Proxy element for: DefaultElementLocator 'By.xpath: //input[@id='GreetingCard']'
 INFO | 2022-07-13 11:50:45,826 | Common.java | 79 | GOH_Single_Product_Mail_Card:  Getting value of Browser from Test Configuration file : Firefox
 INFO | 2022-07-13 11:50:53,021 | Common.java | 79 | GOH_Single_Product_Mail_Card:  Getting value of ExecuteRemainingStepsOnFailure(Yes/No) from Test Configuration file : Yes
 INFO | 2022-07-13 11:50:53,023 | Common.java | 79 | GOH_Single_Product_Mail_Card:  Getting value of OverideTimeoutOnFailure from Test Configuration file : 0
 INFO | 2022-07-13 11:50:53,024 | Common.java | 79 | GOH_Single_Product_Mail_Card:  Getting value of OverideTimeoutOnFailure from Test Configuration file : 0
 INFO | 2022-07-13 11:50:53,024 | Common.java | 79 | GOH_Single_Product_Mail_Card:  Getting value of OverideTimeoutOnFailure from Test Configuration file : 0
 INFO | 2022-07-13 11:50:53,028 | Common.java | 79 | GOH_Single_Product_Mail_Card:  Getting value of OverideTimeoutOnFailure from Test Configuration file : 0
 INFO | 2022-07-13 11:50:54,258 | Common.java | 79 | GOH_Single_Product_Mail_Card:  Clicked on WebElement-Continue
 INFO | 2022-07-13 11:50:54,259 | Common.java | 75 | GOH_Single_Product_Mail_Card:  Report step generation success : Clicked on WebElement-Continue
ERROR | 2022-07-13 11:51:01,883 | Common.java | 87 | GOH_Single_Product_Mail_Card:  Unable to click on Element Summary, Element with following property is not displayed->[[FirefoxDriver: firefox on WINDOWS (96a67c8c-92ea-442b-a911-141a90e50fc6)] -> xpath: //input[@id='GreetingCard']]
ERROR | 2022-07-13 11:51:01,884 | Common.java | 87 | GOH_Single_Product_Mail_Card:  Report step generation success : Unable to click on Element Summary, Element with following property is not displayed->[[FirefoxDriver: firefox on WINDOWS (96a67c8c-92ea-442b-a911-141a90e50fc6)] -> xpath: //input[@id='GreetingCard']]
 INFO | 2022-07-13 11:51:01,889 | Common.java | 79 | GOH_Single_Product_Mail_Card:  Getting value of Browser from Test Configuration file : Firefox
 INFO | 2022-07-13 11:51:06,316 | Common.java | 79 | GOH_Single_Product_Mail_Card:  Getting value of ExecuteRemainingStepsOnFailure(Yes/No) from Test Configuration file : Yes
 INFO | 2022-07-13 11:51:06,318 | Common.java | 79 | GOH_Single_Product_Mail_Card:  Getting value of OverideTimeoutOnFailure from Test Configuration file : 0
 INFO | 2022-07-13 11:51:06,320 | Common.java | 79 | GOH_Single_Product_Mail_Card:  Getting value of OverideTimeoutOnFailure from Test Configuration file : 0
 INFO | 2022-07-13 11:51:06,323 | Common.java | 79 | GOH_Single_Product_Mail_Card:  Getting value of OverideTimeoutOnFailure from Test Configuration file : 0
 INFO | 2022-07-13 11:51:06,323 | Common.java | 79 | GOH_Single_Product_Mail_Card:  Getting value of OverideTimeoutOnFailure from Test Configuration file : 0
ERROR | 2022-07-13 11:51:06,522 | Common.java | 87 | GOH_Single_Product_Mail_Card:  Uanble to click on Element-Continue, Exception is->Element <button class="btn--primary greetingCardSubmit disabled"> is not clickable at point (1051,552) because another element <div class="btn-wrapper js-payment-method js-payment-method__CreditCard js-payment-method__ACH js-payment-method__Cash js-payment-method__Cheque"> obscures it
Build info: version: '3.141.59', revision: 'e82be7d358', time: '2018-11-14T08:17:03'
System info: host: 'WSPF1JWKYR', ip: '10.0.0.206', os.name: 'Windows 10', os.arch: 'amd64', os.version: '10.0', java.version: '1.8.0_333'
Driver info: org.openqa.selenium.firefox.FirefoxDriver
Capabilities {acceptInsecureCerts: true, browserName: firefox, browserVersion: 102.0.1, javascriptEnabled: true, moz:accessibilityChecks: false, moz:buildID: 20220705093820, moz:geckodriverVersion: 0.31.0, moz:headless: false, moz:processID: 5012, moz:profile: C:\Users\jassingh\AppData\L..., moz:shutdownTimeout: 60000, moz:useNonSpecCompliantPointerOrigin: false, moz:webdriverClick: true, moz:windowless: false, pageLoadStrategy: normal, platform: WINDOWS, platformName: WINDOWS, platformVersion: 10.0, proxy: Proxy(), setWindowRect: true, strictFileInteractability: false, timeouts: {implicit: 0, pageLoad: 300000, script: 30000}, unhandledPromptBehavior: dismiss and notify}
Session ID: 96a67c8c-92ea-442b-a911-141a90e50fc6
ERROR | 2022-07-13 11:51:06,523 | Common.java | 87 | GOH_Single_Product_Mail_Card:  Report step generation success : Uanble to click on Element-Continue, Exception is->Element <button class="btn--primary greetingCardSubmit disabled"> is not clickable at point (1051,552) because another element <div class="btn-wrapper js-payment-method js-payment-method__CreditCard js-payment-method__ACH js-payment-method__Cash js-payment-method__Cheque"> obscures it
Build info: version: '3.141.59', revision: 'e82be7d358', time: '2018-11-14T08:17:03'
System info: host: 'WSPF1JWKYR', ip: '10.0.0.206', os.name: 'Windows 10', os.arch: 'amd64', os.version: '10.0', java.version: '1.8.0_333'
Driver info: org.openqa.selenium.firefox.FirefoxDriver
Capabilities {acceptInsecureCerts: true, browserName: firefox, browserVersion: 102.0.1, javascriptEnabled: true, moz:accessibilityChecks: false, moz:buildID: 20220705093820, moz:geckodriverVersion: 0.31.0, moz:headless: false, moz:processID: 5012, moz:profile: C:\Users\jassingh\AppData\L..., moz:shutdownTimeout: 60000, moz:useNonSpecCompliantPointerOrigin: false, moz:webdriverClick: true, moz:windowless: false, pageLoadStrategy: normal, platform: WINDOWS, platformName: WINDOWS, platformVersion: 10.0, proxy: Proxy(), setWindowRect: true, strictFileInteractability: false, timeouts: {implicit: 0, pageLoad: 300000, script: 30000}, unhandledPromptBehavior: dismiss and notify}
Session ID: 96a67c8c-92ea-442b-a911-141a90e50fc6
 INFO | 2022-07-13 11:51:06,526 | Common.java | 79 | GOH_Single_Product_Mail_Card:  Getting value of Browser from Test Configuration file : Firefox
 INFO | 2022-07-13 11:51:11,191 | Common.java | 79 | GOH_Single_Product_Mail_Card:  Getting value of ExecuteRemainingStepsOnFailure(Yes/No) from Test Configuration file : Yes
 INFO | 2022-07-13 11:51:11,195 | Common.java | 79 | GOH_Single_Product_Mail_Card:  Getting value of OverideTimeoutOnFailure from Test Configuration file : 0
 INFO | 2022-07-13 11:51:11,198 | Common.java | 79 | GOH_Single_Product_Mail_Card:  Getting value of OverideTimeoutOnFailure from Test Configuration file : 0
 INFO | 2022-07-13 11:51:11,200 | Common.java | 79 | GOH_Single_Product_Mail_Card:  Getting value of OverideTimeoutOnFailure from Test Configuration file : 0
 INFO | 2022-07-13 11:51:11,203 | Common.java | 79 | GOH_Single_Product_Mail_Card:  Getting value of OverideTimeoutOnFailure from Test Configuration file : 0
ERROR | 2022-07-13 11:51:11,250 | Common.java | 87 | GOH_Single_Product_Mail_Card:  Element is not visible after waiting for 0 Seconds, : Proxy element for: DefaultElementLocator 'By.id: FormModel_FirstName'
ERROR | 2022-07-13 11:51:11,250 | Common.java | 87 | GOH_Single_Product_Mail_Card:  Report step generation success : Element is not visible after waiting for 0 Seconds, : Proxy element for: DefaultElementLocator 'By.id: FormModel_FirstName'
 INFO | 2022-07-13 11:51:11,250 | Common.java | 79 | GOH_Single_Product_Mail_Card:  Getting value of Browser from Test Configuration file : Firefox
 INFO | 2022-07-13 11:51:15,535 | Common.java | 79 | GOH_Single_Product_Mail_Card:  Getting value of ExecuteRemainingStepsOnFailure(Yes/No) from Test Configuration file : Yes
 INFO | 2022-07-13 11:51:15,537 | Common.java | 79 | GOH_Single_Product_Mail_Card:  Getting value of OverideTimeoutOnFailure from Test Configuration file : 0
 INFO | 2022-07-13 11:51:15,538 | Common.java | 79 | GOH_Single_Product_Mail_Card:  Getting value of OverideTimeoutOnFailure from Test Configuration file : 0
 INFO | 2022-07-13 11:51:15,543 | Common.java | 79 | GOH_Single_Product_Mail_Card:  Getting value of OverideTimeoutOnFailure from Test Configuration file : 0
 INFO | 2022-07-13 11:51:15,547 | Common.java | 79 | GOH_Single_Product_Mail_Card:  Getting value of OverideTimeoutOnFailure from Test Configuration file : 0
ERROR | 2022-07-13 11:51:17,693 | Common.java | 87 | GOH_Single_Product_Mail_Card:  Element is not displayed, Unable to enter text->Test_Automation_GuestUser
ERROR | 2022-07-13 11:51:17,694 | Common.java | 87 | GOH_Single_Product_Mail_Card:  Report step generation success : Element is not displayed, Unable to enter text->Test_Automation_GuestUser
 INFO | 2022-07-13 11:51:17,697 | Common.java | 79 | GOH_Single_Product_Mail_Card:  Getting value of Browser from Test Configuration file : Firefox
ERROR | 2022-07-13 11:51:20,211 | Common.java | 87 | GOH_Single_Product_Mail_Card:  Report step generation success : org.openqa.selenium.NoSuchWindowException: Browsing context has been discarded
Build info: version: '3.141.59', revision: 'e82be7d358', time: '2018-11-14T08:17:03'
System info: host: 'WSPF1JWKYR', ip: '10.0.0.206', os.name: 'Windows 10', os.arch: 'amd64', os.version: '10.0', java.version: '1.8.0_333'
Driver info: org.openqa.selenium.firefox.FirefoxDriver
Capabilities {acceptInsecureCerts: true, browserName: firefox, browserVersion: 102.0.1, javascriptEnabled: true, moz:accessibilityChecks: false, moz:buildID: 20220705093820, moz:geckodriverVersion: 0.31.0, moz:headless: false, moz:processID: 5012, moz:profile: C:\Users\jassingh\AppData\L..., moz:shutdownTimeout: 60000, moz:useNonSpecCompliantPointerOrigin: false, moz:webdriverClick: true, moz:windowless: false, pageLoadStrategy: normal, platform: WINDOWS, platformName: WINDOWS, platformVersion: 10.0, proxy: Proxy(), setWindowRect: true, strictFileInteractability: false, timeouts: {implicit: 0, pageLoad: 300000, script: 30000}, unhandledPromptBehavior: dismiss and notify}
Session ID: 96a67c8c-92ea-442b-a911-141a90e50fc6
ERROR | 2022-07-13 11:51:20,223 | Common.java | 87 | GOH_Single_Product_Mail_Card:  Unable to enter text in the text field->Test_Automation_GuestUser
ERROR | 2022-07-13 11:51:20,224 | Common.java | 87 | GOH_Single_Product_Mail_Card:  Report step generation success : Unable to enter text in the text field->Test_Automation_GuestUser
 INFO | 2022-07-13 11:51:20,226 | Common.java | 79 | GOH_Single_Product_Mail_Card:  Getting value of Browser from Test Configuration file : Firefox
ERROR | 2022-07-13 11:51:20,252 | Common.java | 87 | GOH_Single_Product_Mail_Card:  Report step generation success : org.openqa.selenium.NoSuchWindowException: Browsing context has been discarded
Build info: version: '3.141.59', revision: 'e82be7d358', time: '2018-11-14T08:17:03'
System info: host: 'WSPF1JWKYR', ip: '10.0.0.206', os.name: 'Windows 10', os.arch: 'amd64', os.version: '10.0', java.version: '1.8.0_333'
Driver info: org.openqa.selenium.firefox.FirefoxDriver
Capabilities {acceptInsecureCerts: true, browserName: firefox, browserVersion: 102.0.1, javascriptEnabled: true, moz:accessibilityChecks: false, moz:buildID: 20220705093820, moz:geckodriverVersion: 0.31.0, moz:headless: false, moz:processID: 5012, moz:profile: C:\Users\jassingh\AppData\L..., moz:shutdownTimeout: 60000, moz:useNonSpecCompliantPointerOrigin: false, moz:webdriverClick: true, moz:windowless: false, pageLoadStrategy: normal, platform: WINDOWS, platformName: WINDOWS, platformVersion: 10.0, proxy: Proxy(), setWindowRect: true, strictFileInteractability: false, timeouts: {implicit: 0, pageLoad: 300000, script: 30000}, unhandledPromptBehavior: dismiss and notify}
Session ID: 96a67c8c-92ea-442b-a911-141a90e50fc6
 INFO | 2022-07-13 11:51:21,066 | Common.java | 79 | GOH_Single_Product_Mail_Card:  Getting value of SendMail(Yes/No) from Test Configuration file : No
 INFO | 2022-07-13 11:51:21,068 | Common.java | 79 | GOH_Single_Product_Mail_Card:  Getting value of SendMsg(Yes/No) from Test Configuration file : No
 INFO | 2022-07-13 11:51:21,070 | Common.java | 79 | GOH_Single_Product_Mail_Card:  Getting value of VoiceCall(Yes/No) from Test Configuration file : No
 INFO | 2022-07-13 11:51:42,491 | Common.java | 79 | GOH_Single_Product_Mail_Card:  Unable to attach the file to TestLink in following path->C:\Users\jassingh\OneDrive - Plan International Canada\Desktop\PlanCanada_V.1\PlanCanada_V.1\TestResults\2022_07_13_11_49_45_AM/Results.html
 INFO | 2022-07-13 11:51:42,492 | Common.java | 79 | GOH_Single_Product_Mail_Card:  Report step generation success : Unable to attach the file to TestLink in following path->C:\Users\jassingh\OneDrive - Plan International Canada\Desktop\PlanCanada_V.1\PlanCanada_V.1\TestResults\2022_07_13_11_49_45_AM/Results.html
 INFO | 2022-07-13 11:51:42,492 | Common.java | 79 | GOH_Single_Product_Mail_Card:  ###################################
 INFO | 2022-07-13 11:51:42,493 | Common.java | 79 | GOH_Single_Product_Mail_Card:  Script Execution Complete
 INFO | 2022-07-13 11:51:42,494 | Common.java | 79 | GOH_Single_Product_Mail_Card:  ####################################
