<?xml version="1.0" encoding="UTF-8"?>
<!-- Generated by org.testng.reporters.JUnitXMLReporter -->
<testsuite hostname="WSPF1JWKYR" ignored="0" name="Test" tests="1" failures="1" timestamp="2022-07-13T11:58:23 EDT" time="380.295" errors="0">
  <testcase name="GOH_Single_Product_Mail_Card" time="380.267" classname="TestCases.TestCases">
    <failure type="java.lang.AssertionError" message="Testcasefailed">
      <![CDATA[java.lang.AssertionError: Testcasefailed
at dE.Page.Methods.BaseClassPage.close(BaseClassPage.java:156)
at TestCases.TestCases.testEnd(TestCases.java:47)
at TestCases.TestCases.GOH_Single_Product_Mail_Card(TestCases.java:91)
at java.util.ArrayList.forEach(Unknown Source)
at LaunchScript.LaunchScript.Launch(LaunchScript.java:26)
at java.util.ArrayList.forEach(Unknown Source)
... Removed 52 stack frames]]>
    </failure>
  </testcase> <!-- GOH_Single_Product_Mail_Card -->
</testsuite> <!-- Test -->
